mode: set
github.com/imnotjin/fetch-backend-challenge/handlers/handlers.go:46.45,48.47 2 1
github.com/imnotjin/fetch-backend-challenge/handlers/handlers.go:48.47,51.3 2 0
github.com/imnotjin/fetch-backend-challenge/handlers/handlers.go:53.2,59.56 2 1
github.com/imnotjin/fetch-backend-challenge/handlers/handlers.go:59.56,62.3 2 0
github.com/imnotjin/fetch-backend-challenge/handlers/handlers.go:64.2,64.25 1 1
github.com/imnotjin/fetch-backend-challenge/handlers/handlers.go:78.47,80.47 2 1
github.com/imnotjin/fetch-backend-challenge/handlers/handlers.go:80.47,83.3 2 0
github.com/imnotjin/fetch-backend-challenge/handlers/handlers.go:85.2,86.74 2 1
github.com/imnotjin/fetch-backend-challenge/handlers/handlers.go:86.74,89.3 2 0
github.com/imnotjin/fetch-backend-challenge/handlers/handlers.go:91.2,92.33 2 1
github.com/imnotjin/fetch-backend-challenge/handlers/handlers.go:92.33,94.3 1 1
github.com/imnotjin/fetch-backend-challenge/handlers/handlers.go:96.2,96.30 1 1
github.com/imnotjin/fetch-backend-challenge/handlers/handlers.go:96.30,99.3 2 0
github.com/imnotjin/fetch-backend-challenge/handlers/handlers.go:101.2,104.62 3 1
github.com/imnotjin/fetch-backend-challenge/handlers/handlers.go:104.62,106.32 2 1
github.com/imnotjin/fetch-backend-challenge/handlers/handlers.go:106.32,110.4 3 1
github.com/imnotjin/fetch-backend-challenge/handlers/handlers.go:110.9,114.4 3 1
github.com/imnotjin/fetch-backend-challenge/handlers/handlers.go:117.2,118.41 2 1
github.com/imnotjin/fetch-backend-challenge/handlers/handlers.go:118.41,120.3 1 1
github.com/imnotjin/fetch-backend-challenge/handlers/handlers.go:123.2,123.55 1 1
github.com/imnotjin/fetch-backend-challenge/handlers/handlers.go:123.55,126.3 2 0
github.com/imnotjin/fetch-backend-challenge/handlers/handlers.go:128.2,128.33 1 1
github.com/imnotjin/fetch-backend-challenge/handlers/handlers.go:139.46,141.55 2 1
github.com/imnotjin/fetch-backend-challenge/handlers/handlers.go:141.55,144.3 2 0
github.com/imnotjin/fetch-backend-challenge/handlers/handlers.go:146.2,147.33 2 1
github.com/imnotjin/fetch-backend-challenge/handlers/handlers.go:147.33,149.3 1 1
github.com/imnotjin/fetch-backend-challenge/handlers/handlers.go:151.2,151.32 1 1
